# JRE version: OpenJDK Runtime Environment Temurin-17.0.7+7 (17.0.7+7) (build 17.0.7+7)
# Java VM: OpenJDK 64-Bit Server VM Temurin-17.0.7+7 (17.0.7+7, mixed mode, tiered, compressed oops, compressed class ptrs, g1 gc, linux-amd64)
GC Precious Log:
 CPUs: 8 total, 8 available
 Memory: 31791M
 Large Page Support: Disabled
 NUMA Support: Disabled
 Compressed Oops: Enabled (Zero based)
 Heap Region Size: 4M
 Heap Min Capacity: 8M
 Heap Initial Capacity: 500M
 Heap Max Capacity: 7948M
 Pre-touch: Disabled
 Parallel Workers: 8
 Concurrent Workers: 2
 Concurrent Refinement Workers: 8
 Periodic GC: Disabled
Heap:
 garbage-first heap   total 81920K, used 40220K [0x000000060f400000, 0x0000000800000000)
  region size 4096K, 6 young (24576K), 2 survivors (8192K)
 Metaspace       used 76218K, committed 76736K, reserved 1179648K
  class space    used 10003K, committed 10240K, reserved 1048576K
GC Heap History (20 events):
Event: 0.909 GC heap after
{Heap after GC invocations=5 (full 0):
 garbage-first heap   total 57344K, used 10850K [0x000000060f400000, 0x0000000800000000)
  region size 4096K, 2 young (8192K), 2 survivors (8192K)
 Metaspace       used 26097K, committed 26368K, reserved 1114112K
  class space    used 2917K, committed 3072K, reserved 1048576K
}
Event: 0.946 GC heap before
{Heap before GC invocations=5 (full 0):
 garbage-first heap   total 57344K, used 14946K [0x000000060f400000, 0x0000000800000000)
  region size 4096K, 3 young (12288K), 2 survivors (8192K)
 Metaspace       used 26292K, committed 26560K, reserved 1114112K
  class space    used 2940K, committed 3072K, reserved 1048576K
}
Event: 0.949 GC heap after
{Heap after GC invocations=6 (full 0):
 garbage-first heap   total 57344K, used 11377K [0x000000060f400000, 0x0000000800000000)
  region size 4096K, 1 young (4096K), 1 survivors (4096K)
 Metaspace       used 26292K, committed 26560K, reserved 1114112K
  class space    used 2940K, committed 3072K, reserved 1048576K
}
Event: 1.163 GC heap before
{Heap before GC invocations=6 (full 0):
 garbage-first heap   total 57344K, used 31857K [0x000000060f400000, 0x0000000800000000)
  region size 4096K, 6 young (24576K), 1 survivors (4096K)
 Metaspace       used 29218K, committed 29504K, reserved 1114112K
  class space    used 3341K, committed 3456K, reserved 1048576K
}
Event: 1.166 GC heap after
{Heap after GC invocations=7 (full 0):
 garbage-first heap   total 286720K, used 12354K [0x000000060f400000, 0x0000000800000000)
  region size 4096K, 1 young (4096K), 1 survivors (4096K)
 Metaspace       used 29218K, committed 29504K, reserved 1114112K
  class space    used 3341K, committed 3456K, reserved 1048576K
}
Event: 1.593 GC heap before
{Heap before GC invocations=7 (full 0):
 garbage-first heap   total 286720K, used 45122K [0x000000060f400000, 0x0000000800000000)
  region size 4096K, 10 young (40960K), 1 survivors (4096K)
 Metaspace       used 35921K, committed 36288K, reserved 1114112K
  class space    used 4241K, committed 4416K, reserved 1048576K
}
Event: 1.598 GC heap after
{Heap after GC invocations=8 (full 0):
 garbage-first heap   total 286720K, used 15908K [0x000000060f400000, 0x0000000800000000)
  region size 4096K, 2 young (8192K), 2 survivors (8192K)
 Metaspace       used 35921K, committed 36288K, reserved 1114112K
  class space    used 4241K, committed 4416K, reserved 1048576K
}
Event: 2.129 GC heap before
{Heap before GC invocations=9 (full 0):
 garbage-first heap   total 81920K, used 56868K [0x000000060f400000, 0x0000000800000000)
  region size 4096K, 12 young (49152K), 2 survivors (8192K)
 Metaspace       used 47363K, committed 47744K, reserved 1114112K
  class space    used 5694K, committed 5888K, reserved 1048576K
}
Event: 2.134 GC heap after
{Heap after GC invocations=10 (full 0):
 garbage-first heap   total 81920K, used 18903K [0x000000060f400000, 0x0000000800000000)
  region size 4096K, 2 young (8192K), 2 survivors (8192K)
 Metaspace       used 47363K, committed 47744K, reserved 1114112K
  class space    used 5694K, committed 5888K, reserved 1048576K
}
Event: 2.508 GC heap before
{Heap before GC invocations=10 (full 0):
 garbage-first heap   total 81920K, used 47575K [0x000000060f400000, 0x0000000800000000)
  region size 4096K, 10 young (40960K), 2 survivors (8192K)
 Metaspace       used 56450K, committed 56896K, reserved 1114112K
  class space    used 7073K, committed 7296K, reserved 1048576K
}
Event: 2.512 GC heap after
{Heap after GC invocations=11 (full 0):
 garbage-first heap   total 81920K, used 21087K [0x000000060f400000, 0x0000000800000000)
  region size 4096K, 2 young (8192K), 2 survivors (8192K)
 Metaspace       used 56450K, committed 56896K, reserved 1114112K
  class space    used 7073K, committed 7296K, reserved 1048576K
}
Event: 2.660 GC heap before
{Heap before GC invocations=11 (full 0):
 garbage-first heap   total 81920K, used 33375K [0x000000060f400000, 0x0000000800000000)
  region size 4096K, 6 young (24576K), 2 survivors (8192K)
 Metaspace       used 60332K, committed 60736K, reserved 1114112K
  class space    used 7688K, committed 7872K, reserved 1048576K
}
Event: 2.662 GC heap after
{Heap after GC invocations=12 (full 0):
 garbage-first heap   total 81920K, used 21828K [0x000000060f400000, 0x0000000800000000)
  region size 4096K, 1 young (4096K), 1 survivors (4096K)
 Metaspace       used 60332K, committed 60736K, reserved 1114112K
  class space    used 7688K, committed 7872K, reserved 1048576K
}
Event: 3.059 GC heap before
{Heap before GC invocations=13 (full 0):
 garbage-first heap   total 81920K, used 54596K [0x000000060f400000, 0x0000000800000000)
  region size 4096K, 9 young (36864K), 1 survivors (4096K)
 Metaspace       used 64229K, committed 64640K, reserved 1114112K
  class space    used 8267K, committed 8448K, reserved 1048576K
}
Event: 3.061 GC heap after
{Heap after GC invocations=14 (full 0):
 garbage-first heap   total 81920K, used 22963K [0x000000060f400000, 0x0000000800000000)
  region size 4096K, 1 young (4096K), 1 survivors (4096K)
 Metaspace       used 64229K, committed 64640K, reserved 1114112K
  class space    used 8267K, committed 8448K, reserved 1048576K
}
Event: 3.404 GC heap before
{Heap before GC invocations=14 (full 0):
 garbage-first heap   total 81920K, used 59827K [0x000000060f400000, 0x0000000800000000)
  region size 4096K, 10 young (40960K), 1 survivors (4096K)
 Metaspace       used 69048K, committed 69504K, reserved 1114112K
  class space    used 8975K, committed 9216K, reserved 1048576K
}
Event: 3.407 GC heap after
{Heap after GC invocations=15 (full 0):
 garbage-first heap   total 81920K, used 25582K [0x000000060f400000, 0x0000000800000000)
  region size 4096K, 2 young (8192K), 2 survivors (8192K)
 Metaspace       used 69048K, committed 69504K, reserved 1114112K
  class space    used 8975K, committed 9216K, reserved 1048576K
}
Event: 21.903 GC heap before
{Heap before GC invocations=15 (full 0):
 garbage-first heap   total 81920K, used 58350K [0x000000060f400000, 0x0000000800000000)
  region size 4096K, 10 young (40960K), 2 survivors (8192K)
 Metaspace       used 73960K, committed 74432K, reserved 1114112K
  class space    used 9689K, committed 9920K, reserved 1048576K
}
Event: 21.907 GC heap after
{Heap after GC invocations=16 (full 0):
 garbage-first heap   total 81920K, used 27766K [0x000000060f400000, 0x0000000800000000)
  region size 4096K, 2 young (8192K), 2 survivors (8192K)
 Metaspace       used 73960K, committed 74432K, reserved 1114112K
  class space    used 9689K, committed 9920K, reserved 1048576K
}
Event: 46.041 GC heap before
{Heap before GC invocations=16 (full 0):
 garbage-first heap   total 81920K, used 40054K [0x000000060f400000, 0x0000000800000000)
  region size 4096K, 6 young (24576K), 2 survivors (8192K)
 Metaspace       used 76218K, committed 76736K, reserved 1179648K
  class space    used 10003K, committed 10240K, reserved 1048576K
}

