# JRE version: OpenJDK Runtime Environment Temurin-17.0.7+7 (17.0.7+7) (build 17.0.7+7)
# Java VM: OpenJDK 64-Bit Server VM Temurin-17.0.7+7 (17.0.7+7, mixed mode, tiered, compressed oops, compressed class ptrs, g1 gc, linux-amd64)
GC Precious Log:
 CPUs: 8 total, 8 available
 Memory: 31787M
 Large Page Support: Disabled
 NUMA Support: Disabled
 Compressed Oops: Enabled (Zero based)
 Heap Region Size: 4M
 Heap Min Capacity: 8M
 Heap Initial Capacity: 500M
 Heap Max Capacity: 7948M
 Pre-touch: Disabled
 Parallel Workers: 8
 Concurrent Workers: 2
 Concurrent Refinement Workers: 8
 Periodic GC: Disabled
Heap:
 garbage-first heap   total 286720K, used 95631K [0x000000060f400000, 0x0000000800000000)
  region size 4096K, 20 young (81920K), 3 survivors (12288K)
 Metaspace       used 79617K, committed 80192K, reserved 1179648K
  class space    used 10344K, committed 10624K, reserved 1048576K
GC Heap History (20 events):
Event: 1.894 GC heap before
{Heap before GC invocations=7 (full 0):
 garbage-first heap   total 57344K, used 32408K [0x000000060f400000, 0x0000000800000000)
  region size 4096K, 6 young (24576K), 1 survivors (4096K)
 Metaspace       used 31777K, committed 32128K, reserved 1114112K
  class space    used 3668K, committed 3840K, reserved 1048576K
}
Event: 1.897 GC heap after
{Heap after GC invocations=8 (full 0):
 garbage-first heap   total 57344K, used 13798K [0x000000060f400000, 0x0000000800000000)
  region size 4096K, 1 young (4096K), 1 survivors (4096K)
 Metaspace       used 31777K, committed 32128K, reserved 1114112K
  class space    used 3668K, committed 3840K, reserved 1048576K
}
Event: 2.186 GC heap before
{Heap before GC invocations=8 (full 0):
 garbage-first heap   total 57344K, used 30182K [0x000000060f400000, 0x0000000800000000)
  region size 4096K, 6 young (24576K), 1 survivors (4096K)
 Metaspace       used 35943K, committed 36288K, reserved 1114112K
  class space    used 4240K, committed 4416K, reserved 1048576K
}
Event: 2.191 GC heap after
{Heap after GC invocations=9 (full 0):
 garbage-first heap   total 57344K, used 15929K [0x000000060f400000, 0x0000000800000000)
  region size 4096K, 1 young (4096K), 1 survivors (4096K)
 Metaspace       used 35943K, committed 36288K, reserved 1114112K
  class space    used 4240K, committed 4416K, reserved 1048576K
}
Event: 2.660 GC heap before
{Heap before GC invocations=10 (full 0):
 garbage-first heap   total 57344K, used 32313K [0x000000060f400000, 0x0000000800000000)
  region size 4096K, 6 young (24576K), 1 survivors (4096K)
 Metaspace       used 43618K, committed 44096K, reserved 1114112K
  class space    used 5124K, committed 5376K, reserved 1048576K
}
Event: 2.664 GC heap after
{Heap after GC invocations=11 (full 0):
 garbage-first heap   total 57344K, used 18059K [0x000000060f400000, 0x0000000800000000)
  region size 4096K, 1 young (4096K), 1 survivors (4096K)
 Metaspace       used 43618K, committed 44096K, reserved 1114112K
  class space    used 5124K, committed 5376K, reserved 1048576K
}
Event: 2.967 GC heap before
{Heap before GC invocations=11 (full 0):
 garbage-first heap   total 57344K, used 34443K [0x000000060f400000, 0x0000000800000000)
  region size 4096K, 6 young (24576K), 1 survivors (4096K)
 Metaspace       used 47686K, committed 48128K, reserved 1114112K
  class space    used 5725K, committed 5952K, reserved 1048576K
}
Event: 2.970 GC heap after
{Heap after GC invocations=12 (full 0):
 garbage-first heap   total 57344K, used 19189K [0x000000060f400000, 0x0000000800000000)
  region size 4096K, 1 young (4096K), 1 survivors (4096K)
 Metaspace       used 47686K, committed 48128K, reserved 1114112K
  class space    used 5725K, committed 5952K, reserved 1048576K
}
Event: 3.229 GC heap before
{Heap before GC invocations=12 (full 0):
 garbage-first heap   total 57344K, used 39669K [0x000000060f400000, 0x0000000800000000)
  region size 4096K, 6 young (24576K), 1 survivors (4096K)
 Metaspace       used 52678K, committed 53120K, reserved 1114112K
  class space    used 6459K, committed 6656K, reserved 1048576K
}
Event: 3.232 GC heap after
{Heap after GC invocations=13 (full 0):
 garbage-first heap   total 57344K, used 20386K [0x000000060f400000, 0x0000000800000000)
  region size 4096K, 1 young (4096K), 1 survivors (4096K)
 Metaspace       used 52678K, committed 53120K, reserved 1114112K
  class space    used 6459K, committed 6656K, reserved 1048576K
}
Event: 3.466 GC heap before
{Heap before GC invocations=13 (full 0):
 garbage-first heap   total 57344K, used 32674K [0x000000060f400000, 0x0000000800000000)
  region size 4096K, 5 young (20480K), 1 survivors (4096K)
 Metaspace       used 57814K, committed 58240K, reserved 1114112K
  class space    used 7202K, committed 7424K, reserved 1048576K
}
Event: 3.468 GC heap after
{Heap after GC invocations=14 (full 0):
 garbage-first heap   total 57344K, used 21615K [0x000000060f400000, 0x0000000800000000)
  region size 4096K, 1 young (4096K), 1 survivors (4096K)
 Metaspace       used 57814K, committed 58240K, reserved 1114112K
  class space    used 7202K, committed 7424K, reserved 1048576K
}
Event: 3.627 GC heap before
{Heap before GC invocations=14 (full 0):
 garbage-first heap   total 57344K, used 29807K [0x000000060f400000, 0x0000000800000000)
  region size 4096K, 4 young (16384K), 1 survivors (4096K)
 Metaspace       used 60168K, committed 60608K, reserved 1114112K
  class space    used 7661K, committed 7872K, reserved 1048576K
}
Event: 3.630 GC heap after
{Heap after GC invocations=15 (full 0):
 garbage-first heap   total 57344K, used 22028K [0x000000060f400000, 0x0000000800000000)
  region size 4096K, 1 young (4096K), 1 survivors (4096K)
 Metaspace       used 60168K, committed 60608K, reserved 1114112K
  class space    used 7661K, committed 7872K, reserved 1048576K
}
Event: 3.876 GC heap before
{Heap before GC invocations=16 (full 0):
 garbage-first heap   total 57344K, used 38412K [0x000000060f400000, 0x0000000800000000)
  region size 4096K, 5 young (20480K), 1 survivors (4096K)
 Metaspace       used 62392K, committed 62848K, reserved 1114112K
  class space    used 8024K, committed 8256K, reserved 1048576K
}
Event: 3.878 GC heap after
{Heap after GC invocations=17 (full 0):
 garbage-first heap   total 57344K, used 22541K [0x000000060f400000, 0x0000000800000000)
  region size 4096K, 1 young (4096K), 1 survivors (4096K)
 Metaspace       used 62392K, committed 62848K, reserved 1114112K
  class space    used 8024K, committed 8256K, reserved 1048576K
}
Event: 4.219 GC heap before
{Heap before GC invocations=18 (full 0):
 garbage-first heap   total 57344K, used 38925K [0x000000060f400000, 0x0000000800000000)
  region size 4096K, 5 young (20480K), 1 survivors (4096K)
 Metaspace       used 62978K, committed 63424K, reserved 1114112K
  class space    used 8114K, committed 8320K, reserved 1048576K
}
Event: 4.222 GC heap after
{Heap after GC invocations=19 (full 0):
 garbage-first heap   total 286720K, used 22973K [0x000000060f400000, 0x0000000800000000)
  region size 4096K, 1 young (4096K), 1 survivors (4096K)
 Metaspace       used 62978K, committed 63424K, reserved 1114112K
  class space    used 8114K, committed 8320K, reserved 1048576K
}
Event: 264.348 GC heap before
{Heap before GC invocations=19 (full 0):
 garbage-first heap   total 286720K, used 190909K [0x000000060f400000, 0x0000000800000000)
  region size 4096K, 42 young (172032K), 1 survivors (4096K)
 Metaspace       used 79438K, committed 80000K, reserved 1179648K
  class space    used 10339K, committed 10624K, reserved 1048576K
}
Event: 264.360 GC heap after
{Heap after GC invocations=20 (full 0):
 garbage-first heap   total 286720K, used 30095K [0x000000060f400000, 0x0000000800000000)
  region size 4096K, 3 young (12288K), 3 survivors (12288K)
 Metaspace       used 79438K, committed 80000K, reserved 1179648K
  class space    used 10339K, committed 10624K, reserved 1048576K
}

