# JRE version: OpenJDK Runtime Environment Temurin-17.0.7+7 (17.0.7+7) (build 17.0.7+7)
# Java VM: OpenJDK 64-Bit Server VM Temurin-17.0.7+7 (17.0.7+7, mixed mode, tiered, compressed oops, compressed class ptrs, g1 gc, linux-amd64)
GC Precious Log:
 CPUs: 8 total, 8 available
 Memory: 31791M
 Large Page Support: Disabled
 NUMA Support: Disabled
 Compressed Oops: Enabled (Zero based)
 Heap Region Size: 4M
 Heap Min Capacity: 8M
 Heap Initial Capacity: 500M
 Heap Max Capacity: 7948M
 Pre-touch: Disabled
 Parallel Workers: 8
 Concurrent Workers: 2
 Concurrent Refinement Workers: 8
 Periodic GC: Disabled
Heap:
 garbage-first heap   total 98304K, used 36888K [0x000000060f400000, 0x0000000800000000)
  region size 4096K, 5 young (20480K), 2 survivors (8192K)
 Metaspace       used 76058K, committed 76544K, reserved 1179648K
  class space    used 9920K, committed 10112K, reserved 1048576K
GC Heap History (20 events):
Event: 2.338 GC heap before
{Heap before GC invocations=8 (full 0):
 garbage-first heap   total 57344K, used 26549K [0x000000060f400000, 0x0000000800000000)
  region size 4096K, 5 young (20480K), 1 survivors (4096K)
 Metaspace       used 35934K, committed 36288K, reserved 1114112K
  class space    used 4242K, committed 4416K, reserved 1048576K
}
Event: 2.342 GC heap after
{Heap after GC invocations=9 (full 0):
 garbage-first heap   total 57344K, used 16181K [0x000000060f400000, 0x0000000800000000)
  region size 4096K, 1 young (4096K), 1 survivors (4096K)
 Metaspace       used 35934K, committed 36288K, reserved 1114112K
  class space    used 4242K, committed 4416K, reserved 1048576K
}
Event: 2.663 GC heap before
{Heap before GC invocations=10 (full 0):
 garbage-first heap   total 57344K, used 28469K [0x000000060f400000, 0x0000000800000000)
  region size 4096K, 5 young (20480K), 1 survivors (4096K)
 Metaspace       used 42312K, committed 42688K, reserved 1114112K
  class space    used 5002K, committed 5184K, reserved 1048576K
}
Event: 2.665 GC heap after
{Heap after GC invocations=11 (full 0):
 garbage-first heap   total 57344K, used 17546K [0x000000060f400000, 0x0000000800000000)
  region size 4096K, 1 young (4096K), 1 survivors (4096K)
 Metaspace       used 42312K, committed 42688K, reserved 1114112K
  class space    used 5002K, committed 5184K, reserved 1048576K
}
Event: 3.021 GC heap before
{Heap before GC invocations=11 (full 0):
 garbage-first heap   total 57344K, used 33930K [0x000000060f400000, 0x0000000800000000)
  region size 4096K, 6 young (24576K), 1 survivors (4096K)
 Metaspace       used 46874K, committed 47296K, reserved 1114112K
  class space    used 5569K, committed 5760K, reserved 1048576K
}
Event: 3.024 GC heap after
{Heap after GC invocations=12 (full 0):
 garbage-first heap   total 57344K, used 19017K [0x000000060f400000, 0x0000000800000000)
  region size 4096K, 1 young (4096K), 1 survivors (4096K)
 Metaspace       used 46874K, committed 47296K, reserved 1114112K
  class space    used 5569K, committed 5760K, reserved 1048576K
}
Event: 3.274 GC heap before
{Heap before GC invocations=12 (full 0):
 garbage-first heap   total 57344K, used 39497K [0x000000060f400000, 0x0000000800000000)
  region size 4096K, 6 young (24576K), 1 survivors (4096K)
 Metaspace       used 51548K, committed 51968K, reserved 1114112K
  class space    used 6299K, committed 6528K, reserved 1048576K
}
Event: 3.277 GC heap after
{Heap after GC invocations=13 (full 0):
 garbage-first heap   total 57344K, used 20385K [0x000000060f400000, 0x0000000800000000)
  region size 4096K, 1 young (4096K), 1 survivors (4096K)
 Metaspace       used 51548K, committed 51968K, reserved 1114112K
  class space    used 6299K, committed 6528K, reserved 1048576K
}
Event: 3.549 GC heap before
{Heap before GC invocations=13 (full 0):
 garbage-first heap   total 57344K, used 36769K [0x000000060f400000, 0x0000000800000000)
  region size 4096K, 5 young (20480K), 1 survivors (4096K)
 Metaspace       used 56119K, committed 56576K, reserved 1114112K
  class space    used 6960K, committed 7168K, reserved 1048576K
}
Event: 3.552 GC heap after
{Heap after GC invocations=14 (full 0):
 garbage-first heap   total 286720K, used 21604K [0x000000060f400000, 0x0000000800000000)
  region size 4096K, 1 young (4096K), 1 survivors (4096K)
 Metaspace       used 56119K, committed 56576K, reserved 1114112K
  class space    used 6960K, committed 7168K, reserved 1048576K
}
Event: 3.777 GC heap before
{Heap before GC invocations=14 (full 0):
 garbage-first heap   total 286720K, used 33892K [0x000000060f400000, 0x0000000800000000)
  region size 4096K, 5 young (20480K), 1 survivors (4096K)
 Metaspace       used 60222K, committed 60608K, reserved 1114112K
  class space    used 7666K, committed 7872K, reserved 1048576K
}
Event: 3.779 GC heap after
{Heap after GC invocations=15 (full 0):
 garbage-first heap   total 286720K, used 22225K [0x000000060f400000, 0x0000000800000000)
  region size 4096K, 1 young (4096K), 1 survivors (4096K)
 Metaspace       used 60222K, committed 60608K, reserved 1114112K
  class space    used 7666K, committed 7872K, reserved 1048576K
}
Event: 4.536 GC heap before
{Heap before GC invocations=16 (full 0):
 garbage-first heap   total 98304K, used 75473K [0x000000060f400000, 0x0000000800000000)
  region size 4096K, 14 young (57344K), 1 survivors (4096K)
 Metaspace       used 65586K, committed 66048K, reserved 1114112K
  class space    used 8435K, committed 8640K, reserved 1048576K
}
Event: 4.539 GC heap after
{Heap after GC invocations=17 (full 0):
 garbage-first heap   total 98304K, used 24310K [0x000000060f400000, 0x0000000800000000)
  region size 4096K, 2 young (8192K), 2 survivors (8192K)
 Metaspace       used 65586K, committed 66048K, reserved 1114112K
  class space    used 8435K, committed 8640K, reserved 1048576K
}
Event: 4.556 GC heap before
{Heap before GC invocations=17 (full 0):
 garbage-first heap   total 98304K, used 28406K [0x000000060f400000, 0x0000000800000000)
  region size 4096K, 3 young (12288K), 2 survivors (8192K)
 Metaspace       used 65625K, committed 66048K, reserved 1114112K
  class space    used 8443K, committed 8640K, reserved 1048576K
}
Event: 4.560 GC heap after
{Heap after GC invocations=18 (full 0):
 garbage-first heap   total 98304K, used 24594K [0x000000060f400000, 0x0000000800000000)
  region size 4096K, 1 young (4096K), 1 survivors (4096K)
 Metaspace       used 65625K, committed 66048K, reserved 1114112K
  class space    used 8443K, committed 8640K, reserved 1048576K
}
Event: 4.790 GC heap before
{Heap before GC invocations=18 (full 0):
 garbage-first heap   total 98304K, used 69650K [0x000000060f400000, 0x0000000800000000)
  region size 4096K, 12 young (49152K), 1 survivors (4096K)
 Metaspace       used 67418K, committed 67904K, reserved 1114112K
  class space    used 8648K, committed 8896K, reserved 1048576K
}
Event: 4.791 GC heap after
{Heap after GC invocations=19 (full 0):
 garbage-first heap   total 98304K, used 25247K [0x000000060f400000, 0x0000000800000000)
  region size 4096K, 1 young (4096K), 1 survivors (4096K)
 Metaspace       used 67418K, committed 67904K, reserved 1114112K
  class space    used 8648K, committed 8896K, reserved 1048576K
}
Event: 5.460 GC heap before
{Heap before GC invocations=19 (full 0):
 garbage-first heap   total 98304K, used 74399K [0x000000060f400000, 0x0000000800000000)
  region size 4096K, 13 young (53248K), 1 survivors (4096K)
 Metaspace       used 74056K, committed 74560K, reserved 1114112K
  class space    used 9647K, committed 9856K, reserved 1048576K
}
Event: 5.465 GC heap after
{Heap after GC invocations=20 (full 0):
 garbage-first heap   total 98304K, used 28696K [0x000000060f400000, 0x0000000800000000)
  region size 4096K, 2 young (8192K), 2 survivors (8192K)
 Metaspace       used 74056K, committed 74560K, reserved 1114112K
  class space    used 9647K, committed 9856K, reserved 1048576K
}

