# JRE version: OpenJDK Runtime Environment Temurin-17.0.7+7 (17.0.7+7) (build 17.0.7+7)
# Java VM: OpenJDK 64-Bit Server VM Temurin-17.0.7+7 (17.0.7+7, mixed mode, tiered, compressed oops, compressed class ptrs, g1 gc, linux-amd64)
GC Precious Log:
 CPUs: 8 total, 8 available
 Memory: 31787M
 Large Page Support: Disabled
 NUMA Support: Disabled
 Compressed Oops: Enabled (Zero based)
 Heap Region Size: 4M
 Heap Min Capacity: 8M
 Heap Initial Capacity: 500M
 Heap Max Capacity: 7948M
 Pre-touch: Disabled
 Parallel Workers: 8
 Concurrent Workers: 2
 Concurrent Refinement Workers: 8
 Periodic GC: Disabled
Heap:
 garbage-first heap   total 98304K, used 61349K [0x000000060f400000, 0x0000000800000000)
  region size 4096K, 8 young (32768K), 1 survivors (4096K)
 Metaspace       used 82581K, committed 83200K, reserved 1179648K
  class space    used 10558K, committed 10880K, reserved 1048576K
GC Heap History (20 events):
Event: 3.609 GC heap after
{Heap after GC invocations=18 (full 0):
 garbage-first heap   total 98304K, used 25934K [0x000000060f400000, 0x0000000800000000)
  region size 4096K, 2 young (8192K), 2 survivors (8192K)
 Metaspace       used 67494K, committed 67968K, reserved 1114112K
  class space    used 8658K, committed 8896K, reserved 1048576K
}
Event: 4.034 GC heap before
{Heap before GC invocations=18 (full 0):
 garbage-first heap   total 98304K, used 70990K [0x000000060f400000, 0x0000000800000000)
  region size 4096K, 13 young (53248K), 2 survivors (8192K)
 Metaspace       used 73213K, committed 73728K, reserved 1114112K
  class space    used 9527K, committed 9792K, reserved 1048576K
}
Event: 4.038 GC heap after
{Heap after GC invocations=19 (full 0):
 garbage-first heap   total 98304K, used 29796K [0x000000060f400000, 0x0000000800000000)
  region size 4096K, 2 young (8192K), 2 survivors (8192K)
 Metaspace       used 73213K, committed 73728K, reserved 1114112K
  class space    used 9527K, committed 9792K, reserved 1048576K
}
Event: 562.445 GC heap before
{Heap before GC invocations=19 (full 0):
 garbage-first heap   total 98304K, used 70756K [0x000000060f400000, 0x0000000800000000)
  region size 4096K, 12 young (49152K), 2 survivors (8192K)
 Metaspace       used 79795K, committed 80384K, reserved 1179648K
  class space    used 10385K, committed 10688K, reserved 1048576K
}
Event: 562.449 GC heap after
{Heap after GC invocations=20 (full 0):
 garbage-first heap   total 98304K, used 30952K [0x000000060f400000, 0x0000000800000000)
  region size 4096K, 1 young (4096K), 1 survivors (4096K)
 Metaspace       used 79795K, committed 80384K, reserved 1179648K
  class space    used 10385K, committed 10688K, reserved 1048576K
}
Event: 2055.661 GC heap before
{Heap before GC invocations=20 (full 0):
 garbage-first heap   total 98304K, used 71912K [0x000000060f400000, 0x0000000800000000)
  region size 4096K, 11 young (45056K), 1 survivors (4096K)
 Metaspace       used 79979K, committed 80576K, reserved 1179648K
  class space    used 10391K, committed 10688K, reserved 1048576K
}
Event: 2055.664 GC heap after
{Heap after GC invocations=21 (full 0):
 garbage-first heap   total 98304K, used 31473K [0x000000060f400000, 0x0000000800000000)
  region size 4096K, 1 young (4096K), 1 survivors (4096K)
 Metaspace       used 79979K, committed 80576K, reserved 1179648K
  class space    used 10391K, committed 10688K, reserved 1048576K
}
Event: 3572.319 GC heap before
{Heap before GC invocations=21 (full 0):
 garbage-first heap   total 98304K, used 72433K [0x000000060f400000, 0x0000000800000000)
  region size 4096K, 11 young (45056K), 1 survivors (4096K)
 Metaspace       used 80171K, committed 80768K, reserved 1179648K
  class space    used 10398K, committed 10688K, reserved 1048576K
}
Event: 3572.323 GC heap after
{Heap after GC invocations=22 (full 0):
 garbage-first heap   total 98304K, used 31992K [0x000000060f400000, 0x0000000800000000)
  region size 4096K, 1 young (4096K), 1 survivors (4096K)
 Metaspace       used 80171K, committed 80768K, reserved 1179648K
  class space    used 10398K, committed 10688K, reserved 1048576K
}
Event: 5275.527 GC heap before
{Heap before GC invocations=22 (full 0):
 garbage-first heap   total 98304K, used 72952K [0x000000060f400000, 0x0000000800000000)
  region size 4096K, 11 young (45056K), 1 survivors (4096K)
 Metaspace       used 80208K, committed 80768K, reserved 1179648K
  class space    used 10398K, committed 10688K, reserved 1048576K
}
Event: 5275.531 GC heap after
{Heap after GC invocations=23 (full 0):
 garbage-first heap   total 98304K, used 31660K [0x000000060f400000, 0x0000000800000000)
  region size 4096K, 1 young (4096K), 1 survivors (4096K)
 Metaspace       used 80208K, committed 80768K, reserved 1179648K
  class space    used 10398K, committed 10688K, reserved 1048576K
}
Event: 5818.155 GC heap before
{Heap before GC invocations=23 (full 0):
 garbage-first heap   total 98304K, used 52140K [0x000000060f400000, 0x0000000800000000)
  region size 4096K, 7 young (28672K), 1 survivors (4096K)
 Metaspace       used 80509K, committed 81152K, reserved 1179648K
  class space    used 10444K, committed 10752K, reserved 1048576K
}
Event: 5818.203 GC heap after
{Heap after GC invocations=24 (full 1):
 garbage-first heap   total 98304K, used 27407K [0x000000060f400000, 0x0000000800000000)
  region size 4096K, 0 young (0K), 0 survivors (0K)
 Metaspace       used 80499K, committed 81152K, reserved 1179648K
  class space    used 10443K, committed 10752K, reserved 1048576K
}
Event: 5818.520 GC heap before
{Heap before GC invocations=24 (full 1):
 garbage-first heap   total 98304K, used 72463K [0x000000060f400000, 0x0000000800000000)
  region size 4096K, 11 young (45056K), 0 survivors (0K)
 Metaspace       used 81067K, committed 81664K, reserved 1179648K
  class space    used 10473K, committed 10752K, reserved 1048576K
}
Event: 5818.522 GC heap after
{Heap after GC invocations=25 (full 1):
 garbage-first heap   total 98304K, used 31338K [0x000000060f400000, 0x0000000800000000)
  region size 4096K, 1 young (4096K), 1 survivors (4096K)
 Metaspace       used 81067K, committed 81664K, reserved 1179648K
  class space    used 10473K, committed 10752K, reserved 1048576K
}
Event: 5818.753 GC heap before
{Heap before GC invocations=25 (full 1):
 garbage-first heap   total 98304K, used 72298K [0x000000060f400000, 0x0000000800000000)
  region size 4096K, 11 young (45056K), 1 survivors (4096K)
 Metaspace       used 81587K, committed 82240K, reserved 1179648K
  class space    used 10493K, committed 10816K, reserved 1048576K
}
Event: 5818.755 GC heap after
{Heap after GC invocations=26 (full 1):
 garbage-first heap   total 98304K, used 33009K [0x000000060f400000, 0x0000000800000000)
  region size 4096K, 2 young (8192K), 2 survivors (8192K)
 Metaspace       used 81587K, committed 82240K, reserved 1179648K
  class space    used 10493K, committed 10816K, reserved 1048576K
}
Event: 5818.856 GC heap before
{Heap before GC invocations=26 (full 1):
 garbage-first heap   total 98304K, used 69873K [0x000000060f400000, 0x0000000800000000)
  region size 4096K, 11 young (45056K), 2 survivors (8192K)
 Metaspace       used 82060K, committed 82688K, reserved 1179648K
  class space    used 10525K, committed 10816K, reserved 1048576K
}
Event: 5818.859 GC heap after
{Heap after GC invocations=27 (full 1):
 garbage-first heap   total 98304K, used 34181K [0x000000060f400000, 0x0000000800000000)
  region size 4096K, 1 young (4096K), 1 survivors (4096K)
 Metaspace       used 82060K, committed 82688K, reserved 1179648K
  class space    used 10525K, committed 10816K, reserved 1048576K
}
Event: 6069.732 GC heap before
{Heap before GC invocations=27 (full 1):
 garbage-first heap   total 98304K, used 58757K [0x000000060f400000, 0x0000000800000000)
  region size 4096K, 8 young (32768K), 1 survivors (4096K)
 Metaspace       used 82581K, committed 83200K, reserved 1179648K
  class space    used 10558K, committed 10880K, reserved 1048576K
}

