# JRE version: OpenJDK Runtime Environment Temurin-17.0.7+7 (17.0.7+7) (build 17.0.7+7)
# Java VM: OpenJDK 64-Bit Server VM Temurin-17.0.7+7 (17.0.7+7, mixed mode, tiered, compressed oops, compressed class ptrs, g1 gc, linux-amd64)
GC Precious Log:
 CPUs: 8 total, 8 available
 Memory: 31791M
 Large Page Support: Disabled
 NUMA Support: Disabled
 Compressed Oops: Enabled (Zero based)
 Heap Region Size: 4M
 Heap Min Capacity: 8M
 Heap Initial Capacity: 500M
 Heap Max Capacity: 7948M
 Pre-touch: Disabled
 Parallel Workers: 8
 Concurrent Workers: 2
 Concurrent Refinement Workers: 8
 Periodic GC: Disabled
Heap:
 garbage-first heap   total 98304K, used 59989K [0x000000060f400000, 0x0000000800000000)
  region size 4096K, 10 young (40960K), 1 survivors (4096K)
 Metaspace       used 79644K, committed 80256K, reserved 1179648K
  class space    used 10317K, committed 10624K, reserved 1048576K
GC Heap History (20 events):
Event: 2.650 GC heap before
{Heap before GC invocations=10 (full 0):
 garbage-first heap   total 81920K, used 47725K [0x000000060f400000, 0x0000000800000000)
  region size 4096K, 10 young (40960K), 2 survivors (8192K)
 Metaspace       used 56711K, committed 57088K, reserved 1114112K
  class space    used 7101K, committed 7296K, reserved 1048576K
}
Event: 2.654 GC heap after
{Heap after GC invocations=11 (full 0):
 garbage-first heap   total 81920K, used 21211K [0x000000060f400000, 0x0000000800000000)
  region size 4096K, 2 young (8192K), 2 survivors (8192K)
 Metaspace       used 56711K, committed 57088K, reserved 1114112K
  class space    used 7101K, committed 7296K, reserved 1048576K
}
Event: 2.810 GC heap before
{Heap before GC invocations=11 (full 0):
 garbage-first heap   total 81920K, used 33499K [0x000000060f400000, 0x0000000800000000)
  region size 4096K, 6 young (24576K), 2 survivors (8192K)
 Metaspace       used 60513K, committed 60928K, reserved 1114112K
  class space    used 7728K, committed 7936K, reserved 1048576K
}
Event: 2.813 GC heap after
{Heap after GC invocations=12 (full 0):
 garbage-first heap   total 81920K, used 21615K [0x000000060f400000, 0x0000000800000000)
  region size 4096K, 1 young (4096K), 1 survivors (4096K)
 Metaspace       used 60513K, committed 60928K, reserved 1114112K
  class space    used 7728K, committed 7936K, reserved 1048576K
}
Event: 3.086 GC heap before
{Heap before GC invocations=13 (full 0):
 garbage-first heap   total 81920K, used 54383K [0x000000060f400000, 0x0000000800000000)
  region size 4096K, 9 young (36864K), 1 survivors (4096K)
 Metaspace       used 62682K, committed 63104K, reserved 1114112K
  class space    used 8078K, committed 8256K, reserved 1048576K
}
Event: 3.089 GC heap after
{Heap after GC invocations=14 (full 0):
 garbage-first heap   total 81920K, used 22402K [0x000000060f400000, 0x0000000800000000)
  region size 4096K, 1 young (4096K), 1 survivors (4096K)
 Metaspace       used 62682K, committed 63104K, reserved 1114112K
  class space    used 8078K, committed 8256K, reserved 1048576K
}
Event: 3.434 GC heap before
{Heap before GC invocations=14 (full 0):
 garbage-first heap   total 81920K, used 59266K [0x000000060f400000, 0x0000000800000000)
  region size 4096K, 10 young (40960K), 1 survivors (4096K)
 Metaspace       used 68483K, committed 68992K, reserved 1114112K
  class space    used 8900K, committed 9152K, reserved 1048576K
}
Event: 3.438 GC heap after
{Heap after GC invocations=15 (full 0):
 garbage-first heap   total 81920K, used 24721K [0x000000060f400000, 0x0000000800000000)
  region size 4096K, 2 young (8192K), 2 survivors (8192K)
 Metaspace       used 68483K, committed 68992K, reserved 1114112K
  class space    used 8900K, committed 9152K, reserved 1048576K
}
Event: 3.747 GC heap before
{Heap before GC invocations=15 (full 0):
 garbage-first heap   total 81920K, used 57489K [0x000000060f400000, 0x0000000800000000)
  region size 4096K, 10 young (40960K), 2 survivors (8192K)
 Metaspace       used 72448K, committed 72960K, reserved 1114112K
  class space    used 9485K, committed 9728K, reserved 1048576K
}
Event: 3.752 GC heap after
{Heap after GC invocations=16 (full 0):
 garbage-first heap   total 299008K, used 27145K [0x000000060f400000, 0x0000000800000000)
  region size 4096K, 2 young (8192K), 2 survivors (8192K)
 Metaspace       used 72448K, committed 72960K, reserved 1114112K
  class space    used 9485K, committed 9728K, reserved 1048576K
}
Event: 316.459 GC heap before
{Heap before GC invocations=16 (full 0):
 garbage-first heap   total 299008K, used 64009K [0x000000060f400000, 0x0000000800000000)
  region size 4096K, 12 young (49152K), 2 survivors (8192K)
 Metaspace       used 77595K, committed 78080K, reserved 1179648K
  class space    used 10182K, committed 10432K, reserved 1048576K
}
Event: 316.486 GC heap after
{Heap after GC invocations=17 (full 1):
 garbage-first heap   total 98304K, used 23847K [0x000000060f400000, 0x0000000800000000)
  region size 4096K, 0 young (0K), 0 survivors (0K)
 Metaspace       used 77592K, committed 78080K, reserved 1179648K
  class space    used 10182K, committed 10432K, reserved 1048576K
}
Event: 316.822 GC heap before
{Heap before GC invocations=17 (full 1):
 garbage-first heap   total 98304K, used 68903K [0x000000060f400000, 0x0000000800000000)
  region size 4096K, 11 young (45056K), 0 survivors (0K)
 Metaspace       used 78092K, committed 78656K, reserved 1179648K
  class space    used 10217K, committed 10496K, reserved 1048576K
}
Event: 316.825 GC heap after
{Heap after GC invocations=18 (full 1):
 garbage-first heap   total 98304K, used 27611K [0x000000060f400000, 0x0000000800000000)
  region size 4096K, 1 young (4096K), 1 survivors (4096K)
 Metaspace       used 78092K, committed 78656K, reserved 1179648K
  class space    used 10217K, committed 10496K, reserved 1048576K
}
Event: 317.009 GC heap before
{Heap before GC invocations=18 (full 1):
 garbage-first heap   total 98304K, used 68571K [0x000000060f400000, 0x0000000800000000)
  region size 4096K, 11 young (45056K), 1 survivors (4096K)
 Metaspace       used 78580K, committed 79104K, reserved 1179648K
  class space    used 10233K, committed 10496K, reserved 1048576K
}
Event: 317.012 GC heap after
{Heap after GC invocations=19 (full 1):
 garbage-first heap   total 98304K, used 29612K [0x000000060f400000, 0x0000000800000000)
  region size 4096K, 2 young (8192K), 2 survivors (8192K)
 Metaspace       used 78580K, committed 79104K, reserved 1179648K
  class space    used 10233K, committed 10496K, reserved 1048576K
}
Event: 398.508 GC heap before
{Heap before GC invocations=19 (full 1):
 garbage-first heap   total 98304K, used 33708K [0x000000060f400000, 0x0000000800000000)
  region size 4096K, 4 young (16384K), 2 survivors (8192K)
 Metaspace       used 78798K, committed 79360K, reserved 1179648K
  class space    used 10250K, committed 10496K, reserved 1048576K
}
Event: 398.550 GC heap after
{Heap after GC invocations=20 (full 2):
 garbage-first heap   total 98304K, used 23717K [0x000000060f400000, 0x0000000800000000)
  region size 4096K, 0 young (0K), 0 survivors (0K)
 Metaspace       used 78792K, committed 79360K, reserved 1179648K
  class space    used 10249K, committed 10496K, reserved 1048576K
}
Event: 398.800 GC heap before
{Heap before GC invocations=20 (full 2):
 garbage-first heap   total 98304K, used 68773K [0x000000060f400000, 0x0000000800000000)
  region size 4096K, 11 young (45056K), 0 survivors (0K)
 Metaspace       used 79303K, committed 79872K, reserved 1179648K
  class space    used 10273K, committed 10560K, reserved 1048576K
}
Event: 398.802 GC heap after
{Heap after GC invocations=21 (full 2):
 garbage-first heap   total 98304K, used 27221K [0x000000060f400000, 0x0000000800000000)
  region size 4096K, 1 young (4096K), 1 survivors (4096K)
 Metaspace       used 79303K, committed 79872K, reserved 1179648K
  class space    used 10273K, committed 10560K, reserved 1048576K
}

