# JRE version: OpenJDK Runtime Environment Temurin-17.0.7+7 (17.0.7+7) (build 17.0.7+7)
# Java VM: OpenJDK 64-Bit Server VM Temurin-17.0.7+7 (17.0.7+7, mixed mode, tiered, compressed oops, compressed class ptrs, g1 gc, linux-amd64)
GC Precious Log:
 CPUs: 8 total, 8 available
 Memory: 31791M
 Large Page Support: Disabled
 NUMA Support: Disabled
 Compressed Oops: Enabled (Zero based)
 Heap Region Size: 4M
 Heap Min Capacity: 8M
 Heap Initial Capacity: 500M
 Heap Max Capacity: 7948M
 Pre-touch: Disabled
 Parallel Workers: 8
 Concurrent Workers: 2
 Concurrent Refinement Workers: 8
 Periodic GC: Disabled
Heap:
 garbage-first heap   total 81920K, used 35441K [0x000000060f400000, 0x0000000800000000)
  region size 4096K, 4 young (16384K), 2 survivors (8192K)
 Metaspace       used 76194K, committed 76736K, reserved 1179648K
  class space    used 10002K, committed 10240K, reserved 1048576K
GC Heap History (20 events):
Event: 0.874 GC heap after
{Heap after GC invocations=6 (full 0):
 garbage-first heap   total 57344K, used 11286K [0x000000060f400000, 0x0000000800000000)
  region size 4096K, 1 young (4096K), 1 survivors (4096K)
 Metaspace       used 26242K, committed 26496K, reserved 1114112K
  class space    used 2937K, committed 3072K, reserved 1048576K
}
Event: 1.076 GC heap before
{Heap before GC invocations=6 (full 0):
 garbage-first heap   total 57344K, used 31766K [0x000000060f400000, 0x0000000800000000)
  region size 4096K, 6 young (24576K), 1 survivors (4096K)
 Metaspace       used 29116K, committed 29376K, reserved 1114112K
  class space    used 3329K, committed 3456K, reserved 1048576K
}
Event: 1.078 GC heap after
{Heap after GC invocations=7 (full 0):
 garbage-first heap   total 286720K, used 12250K [0x000000060f400000, 0x0000000800000000)
  region size 4096K, 1 young (4096K), 1 survivors (4096K)
 Metaspace       used 29116K, committed 29376K, reserved 1114112K
  class space    used 3329K, committed 3456K, reserved 1048576K
}
Event: 1.461 GC heap before
{Heap before GC invocations=7 (full 0):
 garbage-first heap   total 286720K, used 45018K [0x000000060f400000, 0x0000000800000000)
  region size 4096K, 10 young (40960K), 1 survivors (4096K)
 Metaspace       used 36104K, committed 36416K, reserved 1114112K
  class space    used 4270K, committed 4416K, reserved 1048576K
}
Event: 1.465 GC heap after
{Heap after GC invocations=8 (full 0):
 garbage-first heap   total 286720K, used 15897K [0x000000060f400000, 0x0000000800000000)
  region size 4096K, 2 young (8192K), 2 survivors (8192K)
 Metaspace       used 36104K, committed 36416K, reserved 1114112K
  class space    used 4270K, committed 4416K, reserved 1048576K
}
Event: 1.981 GC heap before
{Heap before GC invocations=9 (full 0):
 garbage-first heap   total 81920K, used 56857K [0x000000060f400000, 0x0000000800000000)
  region size 4096K, 12 young (49152K), 2 survivors (8192K)
 Metaspace       used 47456K, committed 47936K, reserved 1114112K
  class space    used 5714K, committed 5952K, reserved 1048576K
}
Event: 1.985 GC heap after
{Heap after GC invocations=10 (full 0):
 garbage-first heap   total 81920K, used 18774K [0x000000060f400000, 0x0000000800000000)
  region size 4096K, 2 young (8192K), 2 survivors (8192K)
 Metaspace       used 47456K, committed 47936K, reserved 1114112K
  class space    used 5714K, committed 5952K, reserved 1048576K
}
Event: 2.022 GC heap before
{Heap before GC invocations=10 (full 0):
 garbage-first heap   total 81920K, used 22870K [0x000000060f400000, 0x0000000800000000)
  region size 4096K, 3 young (12288K), 2 survivors (8192K)
 Metaspace       used 48338K, committed 48768K, reserved 1114112K
  class space    used 5847K, committed 6080K, reserved 1048576K
}
Event: 2.026 GC heap after
{Heap after GC invocations=11 (full 0):
 garbage-first heap   total 81920K, used 19743K [0x000000060f400000, 0x0000000800000000)
  region size 4096K, 1 young (4096K), 1 survivors (4096K)
 Metaspace       used 48338K, committed 48768K, reserved 1114112K
  class space    used 5847K, committed 6080K, reserved 1048576K
}
Event: 2.372 GC heap before
{Heap before GC invocations=11 (full 0):
 garbage-first heap   total 81920K, used 52511K [0x000000060f400000, 0x0000000800000000)
  region size 4096K, 9 young (36864K), 1 survivors (4096K)
 Metaspace       used 57823K, committed 58176K, reserved 1114112K
  class space    used 7249K, committed 7424K, reserved 1048576K
}
Event: 2.375 GC heap after
{Heap after GC invocations=12 (full 0):
 garbage-first heap   total 81920K, used 20755K [0x000000060f400000, 0x0000000800000000)
  region size 4096K, 1 young (4096K), 1 survivors (4096K)
 Metaspace       used 57823K, committed 58176K, reserved 1114112K
  class space    used 7249K, committed 7424K, reserved 1048576K
}
Event: 2.490 GC heap before
{Heap before GC invocations=12 (full 0):
 garbage-first heap   total 81920K, used 28947K [0x000000060f400000, 0x0000000800000000)
  region size 4096K, 4 young (16384K), 1 survivors (4096K)
 Metaspace       used 60674K, committed 61056K, reserved 1114112K
  class space    used 7755K, committed 7936K, reserved 1048576K
}
Event: 2.491 GC heap after
{Heap after GC invocations=13 (full 0):
 garbage-first heap   total 81920K, used 21211K [0x000000060f400000, 0x0000000800000000)
  region size 4096K, 1 young (4096K), 1 survivors (4096K)
 Metaspace       used 60674K, committed 61056K, reserved 1114112K
  class space    used 7755K, committed 7936K, reserved 1048576K
}
Event: 2.903 GC heap before
{Heap before GC invocations=14 (full 0):
 garbage-first heap   total 81920K, used 58075K [0x000000060f400000, 0x0000000800000000)
  region size 4096K, 10 young (40960K), 1 survivors (4096K)
 Metaspace       used 64617K, committed 65088K, reserved 1114112K
  class space    used 8348K, committed 8576K, reserved 1048576K
}
Event: 2.908 GC heap after
{Heap after GC invocations=15 (full 0):
 garbage-first heap   total 81920K, used 22819K [0x000000060f400000, 0x0000000800000000)
  region size 4096K, 2 young (8192K), 2 survivors (8192K)
 Metaspace       used 64617K, committed 65088K, reserved 1114112K
  class space    used 8348K, committed 8576K, reserved 1048576K
}
Event: 3.369 GC heap before
{Heap before GC invocations=15 (full 0):
 garbage-first heap   total 81920K, used 59683K [0x000000060f400000, 0x0000000800000000)
  region size 4096K, 11 young (45056K), 2 survivors (8192K)
 Metaspace       used 69365K, committed 69888K, reserved 1114112K
  class space    used 9035K, committed 9280K, reserved 1048576K
}
Event: 3.374 GC heap after
{Heap after GC invocations=16 (full 0):
 garbage-first heap   total 81920K, used 25397K [0x000000060f400000, 0x0000000800000000)
  region size 4096K, 2 young (8192K), 2 survivors (8192K)
 Metaspace       used 69365K, committed 69888K, reserved 1114112K
  class space    used 9035K, committed 9280K, reserved 1048576K
}
Event: 28.083 GC heap before
{Heap before GC invocations=16 (full 0):
 garbage-first heap   total 81920K, used 62261K [0x000000060f400000, 0x0000000800000000)
  region size 4096K, 11 young (45056K), 2 survivors (8192K)
 Metaspace       used 75591K, committed 76160K, reserved 1179648K
  class space    used 9922K, committed 10176K, reserved 1048576K
}
Event: 28.089 GC heap after
{Heap after GC invocations=17 (full 0):
 garbage-first heap   total 81920K, used 27657K [0x000000060f400000, 0x0000000800000000)
  region size 4096K, 2 young (8192K), 2 survivors (8192K)
 Metaspace       used 75591K, committed 76160K, reserved 1179648K
  class space    used 9922K, committed 10176K, reserved 1048576K
}
Event: 197.213 GC heap before
{Heap before GC invocations=17 (full 0):
 garbage-first heap   total 81920K, used 31753K [0x000000060f400000, 0x0000000800000000)
  region size 4096K, 4 young (16384K), 2 survivors (8192K)
 Metaspace       used 76194K, committed 76736K, reserved 1179648K
  class space    used 10002K, committed 10240K, reserved 1048576K
}

